<?xml version="1.0" encoding="UTF-8"?>
<!-- Generated by org.testng.reporters.JUnitReportReporter -->
<testsuite hostname="DESKTOP-BH6QJ6H" failures="0" tests="1" name="com.actitime.testscript.CustomerModule" time="38.054" errors="0" timestamp="2023-07-14T11:39:36 IST" skipped="0">
  <testcase classname="com.actitime.testscript.CustomerModule" name="TestCreateCustomer" time="38.054"/>
  <system-out>
    <![CDATA[CreateCustomer]]>
  </system-out>
</testsuite> <!-- com.actitime.testscript.CustomerModule -->
